Lmod has detected the following error: These module(s) exist but cannot be
loaded as requested: "mvapich2"
   Try: "module spider mvapich2" to see how to load the module(s).



Using cuda device 

--------------------------------
Patient 01
Fold Number 0
Epoch: 0 Train Loss: 436.22412109375
Train Accuracy: 0.837403951701427 Train Sensitivity: 0.6096752816434725 Train Specitivity: 0.8968679702370652 Train FP Count: 596.0 Train AUROC: 0.7524079031334967
Test Accuracy: 0.8852908891328211 Test Sensitivity: 0.7591240875912408 Test Specitivity: 0.9076227390180879 Test FP Count: 143.0 Test AUROC: 0.7738625777374927


Epoch: 1 Train Loss: 212.9321746826172
Train Accuracy: 0.8586717892425906 Train Sensitivity: 0.6605019815059445 Train Specitivity: 0.9106338759958434 Train FP Count: 516.0 Train AUROC: 0.7852900089047846
Test Accuracy: 0.9094401756311745 Test Sensitivity: 0.8120805369127517 Test Specitivity: 0.928477690288714 Test FP Count: 109.0 Test AUROC: 0.8256946744370265


Epoch: 2 Train Loss: 66.18854522705078
Train Accuracy: 0.8780186608122942 Train Sensitivity: 0.7169550173010381 Train Specitivity: 0.9178504193051514 Train FP Count: 480.0 Train AUROC: 0.8062589939239015
Test Accuracy: 0.9171240395170143 Test Sensitivity: 0.852112676056338 Test Specitivity: 0.9291287386215865 Test FP Count: 109.0 Test AUROC: 0.8304533420101061


Epoch: 3 Train Loss: 154.76695251464844
Train Accuracy: 0.8734906695938529 Train Sensitivity: 0.6956521739130435 Train Specitivity: 0.9202772963604853 Train FP Count: 460.0 Train AUROC: 0.8082641704013735
Test Accuracy: 0.8046103183315039 Test Sensitivity: 0.4957410562180579 Test Specitivity: 0.951417004048583 Test FP Count: 60.0 Test AUROC: 0.8139180858419471


Epoch: 4 Train Loss: 7.371330261230469
Train Accuracy: 0.8878979143798024 Train Sensitivity: 0.7385665529010239 Train Specitivity: 0.9254679718358234 Train FP Count: 434.0 Train AUROC: 0.8236827501339375
Test Accuracy: 0.9116355653128431 Test Sensitivity: 0.8064516129032258 Test Specitivity: 0.9332010582010583 Test FP Count: 101.0 Test AUROC: 0.8357310665264438


Epoch: 5 Train Loss: 3.771289348602295
Train Accuracy: 0.8841931942919868 Train Sensitivity: 0.7245989304812834 Train Specitivity: 0.925414364640884 Train FP Count: 432.0 Train AUROC: 0.8218302532286701
Test Accuracy: 0.9281009879253568 Test Sensitivity: 0.8741496598639455 Test Specitivity: 0.9384816753926701 Test FP Count: 94.0 Test AUROC: 0.8535203875108702


Epoch: 6 Train Loss: 0.8930567502975464
Train Accuracy: 0.8858397365532382 Train Sensitivity: 0.7261904761904762 Train Specitivity: 0.9276315789473685 Train FP Count: 418.0 Train AUROC: 0.826274417303441
Test Accuracy: 0.9127332601536773 Test Sensitivity: 0.8037974683544303 Test Specitivity: 0.9355909694555112 Test FP Count: 97.0 Test AUROC: 0.8407492625711525


Epoch: 7 Train Loss: 0.4585527777671814
Train Accuracy: 0.8811745334796927 Train Sensitivity: 0.7166666666666667 Train Specitivity: 0.9238078783690394 Train FP Count: 441.0 Train AUROC: 0.8177357893716733
Test Accuracy: 0.8841931942919868 Test Sensitivity: 0.7147239263803681 Test Specitivity: 0.9211229946524064 Test FP Count: 118.0 Test AUROC: 0.8002976830305178


Epoch: 8 Train Loss: 0.7248916625976562
Train Accuracy: 0.849615806805708 Train Sensitivity: 0.618510158013544 Train Specitivity: 0.9238578680203046 Train FP Count: 420.0 Train AUROC: 0.8029190140008081
Test Accuracy: 0.889132821075741 Test Sensitivity: 0.7029972752043597 Test Specitivity: 0.9360824742268041 Test FP Count: 93.0 Test AUROC: 0.8304717414166769


Epoch: 9 Train Loss: 0.12392620742321014
Train Accuracy: 0.8722557628979144 Train Sensitivity: 0.6938369781312127 Train Specitivity: 0.9188440906731269 Train FP Count: 469.0 Train AUROC: 0.8052958326705029
Test Accuracy: 0.9209659714599341 Test Sensitivity: 0.822429906542056 Test Specitivity: 0.9420386409060626 Test FP Count: 87.0 Test AUROC: 0.8566938009494094


Epoch: 10 Train Loss: 0.1859976351261139
Train Accuracy: 0.9005214050493963 Train Sensitivity: 0.7940520446096654 Train Specitivity: 0.9246171967020024 Train FP Count: 448.0 Train AUROC: 0.8282475950681756
Test Accuracy: 0.933589462129528 Test Sensitivity: 0.9563492063492064 Test Specitivity: 0.9299363057324841 Test FP Count: 110.0 Test AUROC: 0.8395658902117094


Epoch: 11 Train Loss: 0.514686644077301
Train Accuracy: 0.8803512623490669 Train Sensitivity: 0.7172739541160594 Train Specitivity: 0.9219772648983809 Train FP Count: 453.0 Train AUROC: 0.8142977562502629
Test Accuracy: 0.924807903402854 Test Sensitivity: 0.9776785714285714 Test Specitivity: 0.9173967459324155 Test FP Count: 132.0 Test AUROC: 0.8102662878325693


Epoch: 12 Train Loss: 0.6244454979896545
Train Accuracy: 0.895993413830955 Train Sensitivity: 0.765034965034965 Train Specitivity: 0.9279617616934107 Train FP Count: 422.0 Train AUROC: 0.8317119128464775
Test Accuracy: 0.9259055982436882 Test Sensitivity: 0.8312883435582822 Test Specitivity: 0.946524064171123 Test FP Count: 80.0 Test AUROC: 0.8673451205742164


Epoch: 13 Train Loss: 0.528846025466919
Train Accuracy: 0.8903677277716795 Train Sensitivity: 0.7470709855272226 Train Specitivity: 0.925989378105191 Train FP Count: 432.0 Train AUROC: 0.825728382126799
Test Accuracy: 0.9132821075740944 Test Sensitivity: 0.7780979827089337 Test Specitivity: 0.9450847457627118 Test FP Count: 81.0 Test AUROC: 0.8584427129634471


Epoch: 14 Train Loss: 0.10697206109762192
Train Accuracy: 0.9053238199780461 Train Sensitivity: 0.7962697274031564 Train Specitivity: 0.9311163895486936 Train FP Count: 406.0 Train AUROC: 0.8414934622058633
Test Accuracy: 0.9390779363336992 Test Sensitivity: 0.9545454545454546 Test Specitivity: 0.9364569961489089 Test FP Count: 99.0 Test AUROC: 0.8548955010545766


Epoch: 15 Train Loss: 0.13293588161468506
Train Accuracy: 0.8925631174533479 Train Sensitivity: 0.7468013468013468 Train Specitivity: 0.9298638635188695 Train FP Count: 407.0 Train AUROC: 0.8331941389329253
Test Accuracy: 0.9165751920965971 Test Sensitivity: 0.9671361502347418 Test Specitivity: 0.9098819142324425 Test FP Count: 145.0 Test AUROC: 0.7910679596607536


Epoch: 16 Train Loss: 2.4208145141601562
Train Accuracy: 0.8832327113062569 Train Sensitivity: 0.7248140635564571 Train Specitivity: 0.9235668789808917 Train FP Count: 444.0 Train AUROC: 0.8183055950206346
Test Accuracy: 0.8913282107574094 Test Sensitivity: 0.9135135135135135 Test Specitivity: 0.8888210140500916 Test FP Count: 182.0 Test AUROC: 0.735302263514364


Epoch: 17 Train Loss: 2.0400795936584473
Train Accuracy: 0.8777442371020856 Train Sensitivity: 0.7079174983366601 Train Specitivity: 0.921866897147796 Train FP Count: 452.0 Train AUROC: 0.8128950698211912
Test Accuracy: 0.9012074643249177 Test Sensitivity: 0.8868778280542986 Test Specitivity: 0.9031855090568395 Test FP Count: 155.0 Test AUROC: 0.7707046585360658


Epoch: 18 Train Loss: 0.531927227973938
Train Accuracy: 0.881311745334797 Train Sensitivity: 0.7221843003412969 Train Specitivity: 0.9213463850249013 Train FP Count: 458.0 Train AUROC: 0.8136881807726135
Test Accuracy: 0.9110867178924259 Test Sensitivity: 0.9315068493150684 Test Specitivity: 0.9082969432314411 Test FP Count: 147.0 Test AUROC: 0.7854997181985627


Epoch: 19 Train Loss: 0.2951708436012268
Train Accuracy: 0.8943468715697036 Train Sensitivity: 0.7590277777777777 Train Specitivity: 0.9276675786593708 Train FP Count: 423.0 Train AUROC: 0.8304292215901714
Test Accuracy: 0.9275521405049396 Test Sensitivity: 0.8711864406779661 Test Specitivity: 0.9384413883431565 Test FP Count: 94.0 Test AUROC: 0.8531804826842216


Epoch: 20 Train Loss: 0.2345692366361618
Train Accuracy: 0.8852908891328211 Train Sensitivity: 0.7275769745649264 Train Specitivity: 0.9259578874697963 Train FP Count: 429.0 Train AUROC: 0.8232528245720858
Test Accuracy: 0.9061470911086718 Test Sensitivity: 0.7459016393442623 Test Specitivity: 0.9464285714285714 Test FP Count: 78.0 Test AUROC: 0.8572777400105748


Epoch: 21 Train Loss: 0.567951500415802
Train Accuracy: 0.8800768386388584 Train Sensitivity: 0.7134308510638298 Train Specitivity: 0.9234094052558783 Train FP Count: 443.0 Train AUROC: 0.8165564082450626
Test Accuracy: 0.920417124039517 Test Sensitivity: 0.832258064516129 Test Specitivity: 0.9384920634920635 Test FP Count: 93.0 Test AUROC: 0.8498463165356436


Epoch: 22 Train Loss: 0.8029983043670654
Train Accuracy: 0.879390779363337 Train Sensitivity: 0.7074918566775245 Train Specitivity: 0.9252563879714931 Train FP Count: 430.0 Train AUROC: 0.8192847556304022
Test Accuracy: 0.9264544456641054 Test Sensitivity: 0.8703071672354948 Test Specitivity: 0.9372138652714193 Test FP Count: 96.0 Test AUROC: 0.8503314798352188


Epoch: 23 Train Loss: 0.2171560823917389
Train Accuracy: 0.8887211855104281 Train Sensitivity: 0.7364185110663984 Train Specitivity: 0.9278937381404174 Train FP Count: 418.0 Train AUROC: 0.8280935441225679
Test Accuracy: 0.9099890230515917 Test Sensitivity: 0.9746192893401016 Test Specitivity: 0.9021538461538462 Test FP Count: 159.0 Test AUROC: 0.7718047493710308


Epoch: 24 Train Loss: 0.5259839296340942
Train Accuracy: 0.897914379802415 Train Sensitivity: 0.775320970042796 Train Specitivity: 0.9271151885830785 Train FP Count: 429.0 Train AUROC: 0.8312223325415938
Test Accuracy: 0.9072447859495061 Test Sensitivity: 0.7513812154696132 Test Specitivity: 0.9458904109589041 Test FP Count: 79.0 Test AUROC: 0.856872953066019


Epoch: 25 Train Loss: 0.38940271735191345
Train Accuracy: 0.8966794731064764 Train Sensitivity: 0.7625602202339986 Train Specitivity: 0.9300771208226221 Train FP Count: 408.0 Train AUROC: 0.8355497013148728
Test Accuracy: 0.9324917672886938 Test Sensitivity: 0.975 Test Specitivity: 0.9260429835651075 Test FP Count: 117.0 Test AUROC: 0.831293904373442


Epoch: 26 Train Loss: 0.36144399642944336
Train Accuracy: 0.8933863885839737 Train Sensitivity: 0.7553559087767795 Train Specitivity: 0.9275808936825886 Train FP Count: 423.0 Train AUROC: 0.8298228459837959
Test Accuracy: 0.9264544456641054 Test Sensitivity: 0.8126801152737753 Test Specitivity: 0.9532203389830508 Test FP Count: 69.0 Test AUROC: 0.8796155879772467


Epoch: 27 Train Loss: 3.293030261993408
Train Accuracy: 0.8902305159165752 Train Sensitivity: 0.7452054794520548 Train Specitivity: 0.9265614275909403 Train FP Count: 428.0 Train AUROC: 0.8266145179073938
Test Accuracy: 0.9127332601536773 Test Sensitivity: 0.7857142857142857 Test Specitivity: 0.9414535666218035 Test FP Count: 87.0 Test AUROC: 0.8515952285496813


Epoch: 28 Train Loss: 0.7462844252586365
Train Accuracy: 0.8817233809001098 Train Sensitivity: 0.7188755020080321 Train Specitivity: 0.9237141870900932 Train FP Count: 442.0 Train AUROC: 0.8178390995013686
Test Accuracy: 0.8660812294182217 Test Sensitivity: 0.6170678336980306 Test Specitivity: 0.9494505494505494 Test FP Count: 69.0 Test AUROC: 0.8422260570459076


Epoch: 29 Train Loss: 2.654634714126587
Train Accuracy: 0.889132821075741 Train Sensitivity: 0.7424657534246575 Train Specitivity: 0.9258750857927248 Train FP Count: 432.0 Train AUROC: 0.8249487563471732
Test Accuracy: 0.8798024149286499 Test Sensitivity: 0.6493212669683258 Test Specitivity: 0.9536231884057971 Test FP Count: 64.0 Test AUROC: 0.8561466607013853


Epoch: 30 Train Loss: 0.1304231882095337
Train Accuracy: 0.8961306256860593 Train Sensitivity: 0.7552118359112306 Train Specitivity: 0.9322530598172729 Train FP Count: 393.0 Train AUROC: 0.8388510542204474
Test Accuracy: 0.9396267837541163 Test Sensitivity: 0.9652509652509652 Test Specitivity: 0.9353806781829814 Test FP Count: 101.0 Test AUROC: 0.8530662126855193


Epoch: 31 Train Loss: 0.15471598505973816
Train Accuracy: 0.8977771679473107 Train Sensitivity: 0.7686411149825784 Train Specitivity: 0.9294378950965317 Train FP Count: 413.0 Train AUROC: 0.8350267509238485
Test Accuracy: 0.9330406147091108 Test Sensitivity: 0.8459214501510574 Test Specitivity: 0.9523809523809523 Test FP Count: 71.0 Test AUROC: 0.8815252527013235


Epoch: 32 Train Loss: 0.0766458734869957
Train Accuracy: 0.9109495060373216 Train Sensitivity: 0.8139029688631426 Train Specitivity: 0.9336380565430845 Train FP Count: 392.0 Train AUROC: 0.8484497537927618
Test Accuracy: 0.9440175631174533 Test Sensitivity: 0.9560439560439561 Test Specitivity: 0.9418979987088444 Test FP Count: 90.0 Test AUROC: 0.8677160138750893


Epoch: 33 Train Loss: 0.2838897705078125
Train Accuracy: 0.8852908891328211 Train Sensitivity: 0.7328767123287672 Train Specitivity: 0.9234728894989704 Train FP Count: 446.0 Train AUROC: 0.8191185908864009
Test Accuracy: 0.8391877058177827 Test Sensitivity: 0.5662100456621004 Test Specitivity: 0.9255780346820809 Test FP Count: 103.0 Test AUROC: 0.788694436213131


Epoch: 34 Train Loss: 1.1229993104934692
Train Accuracy: 0.8800768386388584 Train Sensitivity: 0.7151474530831099 Train Specitivity: 0.9225327812284334 Train FP Count: 449.0 Train AUROC: 0.8150972669442327
Test Accuracy: 0.8677277716794731 Test Sensitivity: 0.6160337552742616 Test Specitivity: 0.9562314540059347 Test FP Count: 59.0 Test AUROC: 0.8540917375043819


Epoch: 35 Train Loss: 1.5664318799972534
Train Accuracy: 0.8803512623490669 Train Sensitivity: 0.715528781793842 Train Specitivity: 0.922851225405592 Train FP Count: 447.0 Train AUROC: 0.8157568975510927
Test Accuracy: 0.91602634467618 Test Sensitivity: 0.8235294117647058 Test Specitivity: 0.9346965699208444 Test FP Count: 99.0 Test AUROC: 0.840619498335338


Epoch: 36 Train Loss: 0.6494652628898621
Train Accuracy: 0.8819978046103183 Train Sensitivity: 0.7219215155615697 Train Specitivity: 0.9227194492254733 Train FP Count: 449.0 Train AUROC: 0.8163100181569839
Test Accuracy: 0.796377607025247 Test Sensitivity: 0.4842271293375394 Test Specitivity: 0.9629629629629629 Test FP Count: 44.0 Test AUROC: 0.8261730590078652


Epoch: 37 Train Loss: 0.39885371923446655
Train Accuracy: 0.881311745334797 Train Sensitivity: 0.7131630648330058 Train Specitivity: 0.9258809234507898 Train FP Count: 427.0 Train AUROC: 0.8212270774935683
Test Accuracy: 0.9302963776070252 Test Sensitivity: 0.9117647058823529 Test Specitivity: 0.9335483870967742 Test FP Count: 103.0 Test AUROC: 0.8451186374367883


Epoch: 38 Train Loss: 0.6786562204360962
Train Accuracy: 0.8844676180021954 Train Sensitivity: 0.7264784946236559 Train Specitivity: 0.925 Train FP Count: 435.0 Train AUROC: 0.8212739327515054
Test Accuracy: 0.9001097694840834 Test Sensitivity: 0.7327823691460055 Test Specitivity: 0.9417409184372858 Test FP Count: 85.0 Test AUROC: 0.8459466107324707


Epoch: 39 Train Loss: 0.33731815218925476
Train Accuracy: 0.881860592755214 Train Sensitivity: 0.7235494880546075 Train Specitivity: 0.9216898505924781 Train FP Count: 456.0 Train AUROC: 0.8145210615527239
Test Accuracy: 0.9165751920965971 Test Sensitivity: 0.8099688473520249 Test Specitivity: 0.9393737508327782 Test FP Count: 91.0 Test AUROC: 0.8496361759448094


Epoch: 40 Train Loss: 0.21510867774486542
Train Accuracy: 0.8913282107574094 Train Sensitivity: 0.7506925207756233 Train Specitivity: 0.9260780287474333 Train FP Count: 432.0 Train AUROC: 0.8263347577331747
Test Accuracy: 0.9264544456641054 Test Sensitivity: 0.8338461538461538 Test Specitivity: 0.9465597862391449 Test FP Count: 80.0 Test AUROC: 0.8676850254008649


Epoch: 41 Train Loss: 0.5825507640838623
Train Accuracy: 0.8939352360043907 Train Sensitivity: 0.7651677373304783 Train Specitivity: 0.9245795821301173 Train FP Count: 444.0 Train AUROC: 0.8250623517773913
Test Accuracy: 0.9286498353457738 Test Sensitivity: 0.8904593639575972 Test Specitivity: 0.935672514619883 Test FP Count: 99.0 Test AUROC: 0.8484373093482543


Epoch: 42 Train Loss: 0.20011281967163086
Train Accuracy: 0.8911909989023051 Train Sensitivity: 0.7562012756909993 Train Specitivity: 0.9236004764335546 Train FP Count: 449.0 Train AUROC: 0.8221138989608646
Test Accuracy: 0.9319429198682766 Test Sensitivity: 0.8847457627118644 Test Specitivity: 0.9410609037328095 Test FP Count: 90.0 Test AUROC: 0.8602381076888215


Epoch: 43 Train Loss: 0.1533450037240982
Train Accuracy: 0.889681668496158 Train Sensitivity: 0.7489510489510489 Train Specitivity: 0.9240355069989757 Train FP Count: 445.0 Train AUROC: 0.8221337838752087
Test Accuracy: 0.9226125137211855 Test Sensitivity: 0.8260869565217391 Test Specitivity: 0.9433333333333334 Test FP Count: 85.0 Test AUROC: 0.8598827086250608


Epoch: 44 Train Loss: 0.4481191039085388
Train Accuracy: 0.8905049396267838 Train Sensitivity: 0.7489597780859917 Train Specitivity: 0.925419089976052 Train FP Count: 436.0 Train AUROC: 0.8248422463462042
Test Accuracy: 0.9193194291986828 Test Sensitivity: 0.9636363636363636 Test Specitivity: 0.9132334581772784 Test FP Count: 139.0 Test AUROC: 0.7992750633811136


Epoch: 45 Train Loss: 11.571355819702148
Train Accuracy: 0.8616904500548848 Train Sensitivity: 0.67092866756393 Train Specitivity: 0.9105480868665977 Train FP Count: 519.0 Train AUROC: 0.7864661901601215
Test Accuracy: 0.7903402854006586 Test Sensitivity: 0.4741235392320534 Test Specitivity: 0.9452166802943581 Test FP Count: 67.0 Test AUROC: 0.7974883841641149


Epoch: 46 Train Loss: 0.20443925261497498
Train Accuracy: 0.8781558726673985 Train Sensitivity: 0.7168508287292817 Train Specitivity: 0.9181506849315069 Train FP Count: 478.0 Train AUROC: 0.8068319994441367
Test Accuracy: 0.91602634467618 Test Sensitivity: 0.851063829787234 Test Specitivity: 0.9279220779220779 Test FP Count: 111.0 Test AUROC: 0.8276043391611032


Epoch: 47 Train Loss: 0.16288860142230988
Train Accuracy: 0.8986004390779363 Train Sensitivity: 0.7769066286528866 Train Specitivity: 0.9276125743415463 Train FP Count: 426.0 Train AUROC: 0.8323850286251342
Test Accuracy: 0.9127332601536773 Test Sensitivity: 0.7594594594594595 Test Specitivity: 0.9517906336088154 Test FP Count: 70.0 Test AUROC: 0.8700333707131803


Epoch: 48 Train Loss: 0.10165225714445114
Train Accuracy: 0.9076564215148188 Train Sensitivity: 0.810611643330877 Train Specitivity: 0.9298600573259147 Train FP Count: 416.0 Train AUROC: 0.8405341865104399
Test Accuracy: 0.9154774972557629 Test Sensitivity: 0.7774647887323943 Test Specitivity: 0.9488752556237219 Test FP Count: 75.0 Test AUROC: 0.8663099118571586


Epoch: 49 Train Loss: 0.1858852505683899
Train Accuracy: 0.9095773874862788 Train Sensitivity: 0.8209737827715355 Train Specitivity: 0.9294473374769024 Train FP Count: 420.0 Train AUROC: 0.8407741768559711
Test Accuracy: 0.9374313940724479 Test Sensitivity: 0.9217081850533808 Test Specitivity: 0.9402985074626866 Test FP Count: 92.0 Test AUROC: 0.861467962759601


Epoch: 50 Train Loss: 0.4315342903137207
Train Accuracy: 0.8792535675082327 Train Sensitivity: 0.7166212534059946 Train Specitivity: 0.920274914089347 Train FP Count: 464.0 Train AUROC: 0.8109296631724073
Test Accuracy: 0.8638858397365532 Test Sensitivity: 0.6246973365617433 Test Specitivity: 0.9339957416607523 Test FP Count: 93.0 Test AUROC: 0.8148361193908441


Epoch: 51 Train Loss: 0.1335645169019699
Train Accuracy: 0.8998353457738749 Train Sensitivity: 0.7787234042553192 Train Specitivity: 0.9288873766587274 Train FP Count: 418.0 Train AUROC: 0.8351101761391998
Test Accuracy: 0.9286498353457738 Test Sensitivity: 0.8850174216027874 Test Specitivity: 0.9368078175895765 Test FP Count: 97.0 Test AUROC: 0.8506065025439601


Epoch: 52 Train Loss: 0.2695049047470093
Train Accuracy: 0.8972283205268935 Train Sensitivity: 0.7797228300510576 Train Specitivity: 0.9244549602839277 Train FP Count: 447.0 Train AUROC: 0.8264117832059784
Test Accuracy: 0.91602634467618 Test Sensitivity: 0.8235294117647058 Test Specitivity: 0.9346965699208444 Test FP Count: 99.0 Test AUROC: 0.840619498335338


Epoch: 53 Train Loss: 0.18715396523475647
Train Accuracy: 0.8910537870472008 Train Sensitivity: 0.7627365356622998 Train Specitivity: 0.9208657423063916 Train FP Count: 468.0 Train AUROC: 0.8174066597549448
Test Accuracy: 0.8995609220636663 Test Sensitivity: 0.71 Test Specitivity: 0.9528832630098453 Test FP Count: 67.0 Test AUROC: 0.865129444667174


Epoch: 54 Train Loss: 2.2565927505493164
Train Accuracy: 0.8600439077936334 Train Sensitivity: 0.6677943166441137 Train Specitivity: 0.9089500860585198 Train FP Count: 529.0 Train AUROC: 0.7829947869525705
Test Accuracy: 0.8605927552140505 Test Sensitivity: 0.6191646191646192 Test Specitivity: 0.930035335689046 Test FP Count: 99.0 Test AUROC: 0.8062891108438356


Epoch: 55 Train Loss: 0.22132426500320435
Train Accuracy: 0.8802140504939627 Train Sensitivity: 0.7224913494809688 Train Specitivity: 0.9192195789833989 Train FP Count: 472.0 Train AUROC: 0.8095905170443429
Test Accuracy: 0.8880351262349067 Test Sensitivity: 0.6689655172413793 Test Specitivity: 0.9567411679884643 Test FP Count: 60.0 Test AUROC: 0.8655836194925252


Epoch: 56 Train Loss: 0.2787037491798401
Train Accuracy: 0.8932491767288694 Train Sensitivity: 0.7673913043478261 Train Specitivity: 0.9226472579553149 Train FP Count: 457.0 Train AUROC: 0.8214677535258009
Test Accuracy: 0.9001097694840834 Test Sensitivity: 0.6960556844547564 Test Specitivity: 0.9633357296908699 Test FP Count: 51.0 Test AUROC: 0.8828228950594689


Epoch: 57 Train Loss: 0.1265074610710144
Train Accuracy: 0.8983260153677278 Train Sensitivity: 0.7822286962855062 Train Specitivity: 0.9252747252747253 Train FP Count: 442.0 Train AUROC: 0.8283207349830041
Test Accuracy: 0.920417124039517 Test Sensitivity: 0.7893258426966292 Test Specitivity: 0.9522510231923602 Test FP Count: 70.0 Test AUROC: 0.87479203828626


Epoch: 58 Train Loss: 0.11748641729354858
Train Accuracy: 0.8972283205268935 Train Sensitivity: 0.777295733911786 Train Specitivity: 0.9253175275190516 Train FP Count: 441.0 Train AUROC: 0.8278709245068084
Test Accuracy: 0.9055982436882547 Test Sensitivity: 0.727735368956743 Test Specitivity: 0.9545136459062281 Test FP Count: 65.0 Test AUROC: 0.8710375909560139


Epoch: 59 Train Loss: 0.1799076497554779
Train Accuracy: 0.9091657519209659 Train Sensitivity: 0.8210526315789474 Train Specitivity: 0.9288351795904666 Train FP Count: 424.0 Train AUROC: 0.8395415407288758
Test Accuracy: 0.9110867178924259 Test Sensitivity: 0.7533512064343163 Test Specitivity: 0.9516908212560387 Test FP Count: 70.0 Test AUROC: 0.8690136562332347


Epoch: 60 Train Loss: 0.48569250106811523
Train Accuracy: 0.908205268935236 Train Sensitivity: 0.8306010928961749 Train Specitivity: 0.9247544531380056 Train FP Count: 452.0 Train AUROC: 0.8321258390519604
Test Accuracy: 0.9061470911086718 Test Sensitivity: 0.7380952380952381 Test Specitivity: 0.9501385041551247 Test FP Count: 72.0 Test AUROC: 0.8637853195976921


Epoch: 61 Train Loss: 0.10374923795461655
Train Accuracy: 0.9117727771679474 Train Sensitivity: 0.8523002421307506 Train Specitivity: 0.9239543726235742 Train FP Count: 460.0 Train AUROC: 0.8324325695697727
Test Accuracy: 0.9330406147091108 Test Sensitivity: 0.8961937716262975 Test Specitivity: 0.9399869536855838 Test FP Count: 92.0 Test AUROC: 0.8587487241464128


Epoch: 62 Train Loss: 0.2801555097103119
Train Accuracy: 0.9139681668496158 Train Sensitivity: 0.8513833992094861 Train Specitivity: 0.9271127345176822 Train FP Count: 439.0 Train AUROC: 0.8389255655086789
Test Accuracy: 0.8990120746432492 Test Sensitivity: 0.7325905292479109 Test Specitivity: 0.9398496240601504 Test FP Count: 88.0 Test AUROC: 0.8420130112856149


Epoch: 63 Train Loss: 1.340477466583252
Train Accuracy: 0.9076564215148188 Train Sensitivity: 0.8229885057471265 Train Specitivity: 0.9261240180511449 Train FP Count: 442.0 Train AUROC: 0.8342112408735098
Test Accuracy: 0.894072447859495 Test Sensitivity: 0.7821428571428571 Test Specitivity: 0.914396887159533 Test FP Count: 132.0 Test AUROC: 0.7912316175402512


Epoch: 64 Train Loss: 1.6951384544372559
Train Accuracy: 0.8376783754116356 Train Sensitivity: 0.6081871345029239 Train Specitivity: 0.8991128891981214 Train FP Count: 580.0 Train AUROC: 0.7564721967756269
Test Accuracy: 0.8957189901207464 Test Sensitivity: 0.7229916897506925 Test Specitivity: 0.9383983572895277 Test FP Count: 90.0 Test AUROC: 0.837804389130018


Epoch: 65 Train Loss: 0.5757371187210083
Train Accuracy: 0.8796652030735456 Train Sensitivity: 0.7251585623678647 Train Specitivity: 0.9170216391208043 Train FP Count: 487.0 Train AUROC: 0.8055961634457677
Test Accuracy: 0.6635565312843029 Test Sensitivity: 0.34101941747572817 Test Specitivity: 0.9298597194388778 Test FP Count: 70.0 Test AUROC: 0.7157165794147439


Epoch: 66 Train Loss: 0.14897841215133667
Train Accuracy: 0.8899560922063666 Train Sensitivity: 0.762114537444934 Train Specitivity: 0.9193385082686466 Train FP Count: 478.0 Train AUROC: 0.8142817568938941
Test Accuracy: 0.9143798024149287 Test Sensitivity: 0.8397212543554007 Test Specitivity: 0.9283387622149837 Test FP Count: 110.0 Test AUROC: 0.8276692212790105


Epoch: 67 Train Loss: 0.11380885541439056
Train Accuracy: 0.9025795828759605 Train Sensitivity: 0.8071646341463414 Train Specitivity: 0.9235274431057564 Train FP Count: 457.0 Train AUROC: 0.8273582594163069
Test Accuracy: 0.9138309549945115 Test Sensitivity: 0.7921686746987951 Test Specitivity: 0.9409395973154362 Test FP Count: 88.0 Test AUROC: 0.8511904416051256


Epoch: 68 Train Loss: 0.5715988874435425
Train Accuracy: 0.8933863885839737 Train Sensitivity: 0.7755406413124534 Train Specitivity: 0.9199596435177401 Train FP Count: 476.0 Train AUROC: 0.8169337644931313
Test Accuracy: 0.7596048298572997 Test Sensitivity: 0.4349775784753363 Test Specitivity: 0.9479618386816999 Test FP Count: 60.0 Test AUROC: 0.786045890056767


Epoch: 69 Train Loss: 2.998198986053467
Train Accuracy: 0.8932491767288694 Train Sensitivity: 0.7825421133231241 Train Specitivity: 0.9174189234369776 Train FP Count: 494.0 Train AUROC: 0.8124697155040163
Test Accuracy: 0.8106476399560922 Test Sensitivity: 0.5050335570469798 Test Specitivity: 0.9592169657422512 Test FP Count: 50.0 Test AUROC: 0.8285030049136098


Epoch: 70 Train Loss: 0.3530343472957611
Train Accuracy: 0.8740395170142701 Train Sensitivity: 0.7108603667136812 Train Specitivity: 0.913458262350937 Train FP Count: 508.0 Train AUROC: 0.7969375403412343
Test Accuracy: 0.8990120746432492 Test Sensitivity: 0.7929824561403509 Test Specitivity: 0.9186727391021471 Test FP Count: 125.0 Test AUROC: 0.8018829371650582


Epoch: 71 Train Loss: 0.18369007110595703
Train Accuracy: 0.8814489571899012 Train Sensitivity: 0.737956204379562 Train Specitivity: 0.9146671172693478 Train FP Count: 505.0 Train AUROC: 0.8023448656694039
Test Accuracy: 0.8803512623490669 Test Sensitivity: 0.6625916870415648 Test Specitivity: 0.943382873319179 Test FP Count: 80.0 Test AUROC: 0.8391330199623878


Epoch: 72 Train Loss: 0.5571746826171875
Train Accuracy: 0.8778814489571899 Train Sensitivity: 0.7216713881019831 Train Specitivity: 0.9154186521443158 Train FP Count: 497.0 Train AUROC: 0.8020381351515916
Test Accuracy: 0.8957189901207464 Test Sensitivity: 0.8709677419354839 Test Specitivity: 0.8990654205607477 Test FP Count: 162.0 Test AUROC: 0.75971343408461


Epoch: 73 Train Loss: 3.85805606842041
Train Accuracy: 0.8931119648737651 Train Sensitivity: 0.7752053771471247 Train Specitivity: 0.9196503614052782 Train FP Count: 478.0 Train AUROC: 0.8162741338862712
Test Accuracy: 0.539517014270033 Test Sensitivity: 0.2773722627737226 Test Specitivity: 0.9352617079889807 Test FP Count: 47.0 Test AUROC: 0.6638438103427906


Epoch: 74 Train Loss: 0.11251065135002136
Train Accuracy: 0.8740395170142701 Train Sensitivity: 0.710267229254571 Train Specitivity: 0.9137401977497442 Train FP Count: 506.0 Train AUROC: 0.7974239207748443
Test Accuracy: 0.9023051591657519 Test Sensitivity: 0.7306666666666667 Test Specitivity: 0.9467864547339323 Test FP Count: 77.0 Test AUROC: 0.855983002821888


Epoch: 75 Train Loss: 0.1590426117181778
Train Accuracy: 0.8951701427003294 Train Sensitivity: 0.7914728682170543 Train Specitivity: 0.9174724908302767 Train FP Count: 495.0 Train AUROC: 0.8134392764999625
Test Accuracy: 0.9176728869374314 Test Sensitivity: 0.8338870431893688 Test Specitivity: 0.9342537804076265 Test FP Count: 100.0 Test AUROC: 0.8405546162174307


Epoch: 76 Train Loss: 1.160064458847046
Train Accuracy: 0.8673161361141603 Train Sensitivity: 0.6902286902286903 Train Specitivity: 0.9110350727117195 Train FP Count: 520.0 Train AUROC: 0.7897746284949451
Test Accuracy: 0.8841931942919868 Test Sensitivity: 0.7083333333333334 Test Specitivity: 0.923956931359354 Test FP Count: 113.0 Test AUROC: 0.8057206660197823


Epoch: 77 Train Loss: 1.437234878540039
Train Accuracy: 0.8682766190998902 Train Sensitivity: 0.6878378378378378 Train Specitivity: 0.9142561983471075 Train FP Count: 498.0 Train AUROC: 0.7957311888710306
Test Accuracy: 0.7771679473106476 Test Sensitivity: 0.4546952224052718 Test Specitivity: 0.9382716049382716 Test FP Count: 75.0 Test AUROC: 0.7806538955417269


Epoch: 78 Train Loss: 0.44271236658096313
Train Accuracy: 0.8616904500548848 Train Sensitivity: 0.67092866756393 Train Specitivity: 0.9105480868665977 Train FP Count: 519.0 Train AUROC: 0.7864661901601215
Test Accuracy: 0.8792535675082327 Test Sensitivity: 0.6710182767624021 Test Specitivity: 0.9346768589298123 Test FP Count: 94.0 Test AUROC: 0.8232688579391503


Epoch: 79 Train Loss: 0.8699306845664978
Train Accuracy: 0.8885839736553238 Train Sensitivity: 0.7619047619047619 Train Specitivity: 0.9172274562584118 Train FP Count: 492.0 Train AUROC: 0.8100108429923732
Test Accuracy: 0.8408342480790341 Test Sensitivity: 0.5658747300215983 Test Specitivity: 0.9345106696100074 Test FP Count: 89.0 Test AUROC: 0.8048985030630169


Epoch: 80 Train Loss: 0.18916290998458862
Train Accuracy: 0.8855653128430296 Train Sensitivity: 0.7496339677891655 Train Specitivity: 0.916919959473151 Train FP Count: 492.0 Train AUROC: 0.8081050910866214
Test Accuracy: 0.9039517014270033 Test Sensitivity: 0.7933333333333333 Test Specitivity: 0.9257555847568988 Test FP Count: 113.0 Test AUROC: 0.8179572397791297


Epoch: 81 Train Loss: 0.17560558021068573
Train Accuracy: 0.8961306256860593 Train Sensitivity: 0.818639798488665 Train Specitivity: 0.911267836640971 Train FP Count: 541.0 Train AUROC: 0.8028589021333086
Test Accuracy: 0.9209659714599341 Test Sensitivity: 0.8438538205980066 Test Specitivity: 0.9362261669953977 Test FP Count: 97.0 Test AUROC: 0.8458478349708805


Epoch: 82 Train Loss: 0.325185090303421
Train Accuracy: 0.9097145993413831 Train Sensitivity: 0.8476499189627229 Train Specitivity: 0.9223653782623059 Train FP Count: 470.0 Train AUROC: 0.8287012911023466
Test Accuracy: 0.8929747530186608 Test Sensitivity: 0.6940298507462687 Test Specitivity: 0.9492957746478873 Test FP Count: 72.0 Test AUROC: 0.8556276037581271


Epoch: 83 Train Loss: 0.1299986094236374
Train Accuracy: 0.9066959385290889 Train Sensitivity: 0.8365539452495975 Train Specitivity: 0.9211048627191532 Train FP Count: 477.0 Train AUROC: 0.8250932076789597
Test Accuracy: 0.9105378704720087 Test Sensitivity: 0.8949579831932774 Test Specitivity: 0.9128787878787878 Test FP Count: 138.0 Test AUROC: 0.79492118275259


Epoch: 84 Train Loss: 0.142855703830719
Train Accuracy: 0.9088913282107574 Train Sensitivity: 0.8364928909952607 Train Specitivity: 0.92411159083361 Train FP Count: 457.0 Train AUROC: 0.8313430134010608
Test Accuracy: 0.9253567508232712 Test Sensitivity: 0.8853046594982079 Test Specitivity: 0.932598833441348 Test FP Count: 104.0 Test AUROC: 0.8409748973990986


Epoch: 85 Train Loss: 0.05291268229484558
Train Accuracy: 0.8905049396267838 Train Sensitivity: 0.7699248120300752 Train Specitivity: 0.9174219536757301 Train FP Count: 492.0 Train AUROC: 0.8112235942051245
Test Accuracy: 0.9138309549945115 Test Sensitivity: 0.8592592592592593 Test Specitivity: 0.9233247422680413 Test FP Count: 119.0 Test AUROC: 0.817567947071686


Epoch: 86 Train Loss: 0.44197794795036316
Train Accuracy: 0.8616904500548848 Train Sensitivity: 0.6713900134952766 Train Specitivity: 0.9102652428522219 Train FP Count: 521.0 Train AUROC: 0.7859798097265115
Test Accuracy: 0.8754116355653129 Test Sensitivity: 0.6791907514450867 Test Specitivity: 0.9214092140921409 Test FP Count: 116.0 Test AUROC: 0.7970283989998471


Epoch: 87 Train Loss: 0.15635237097740173
Train Accuracy: 0.8690998902305159 Train Sensitivity: 0.694868238557559 Train Specitivity: 0.912076633595621 Train FP Count: 514.0 Train AUROC: 0.792359895921901
Test Accuracy: 0.9215148188803512 Test Sensitivity: 0.8661971830985915 Test Specitivity: 0.9317295188556567 Test FP Count: 105.0 Test AUROC: 0.837510967014706


Epoch: 88 Train Loss: 0.7389978170394897
Train Accuracy: 0.8942096597145993 Train Sensitivity: 0.782839787395596 Train Specitivity: 0.918774074694356 Train FP Count: 485.0 Train AUROC: 0.8152648030616368
Test Accuracy: 0.8885839736553238 Test Sensitivity: 0.7032967032967034 Test Specitivity: 0.9348422496570644 Test FP Count: 95.0 Test AUROC: 0.8279626433943225


Epoch: 89 Train Loss: 0.2507566213607788
Train Accuracy: 0.8859769484083425 Train Sensitivity: 0.7573253193087904 Train Specitivity: 0.9147221755917408 Train FP Count: 508.0 Train AUROC: 0.8044739228776169
Test Accuracy: 0.9083424807903403 Test Sensitivity: 0.7929936305732485 Test Specitivity: 0.9323607427055703 Test FP Count: 102.0 Test AUROC: 0.8326070409686998


Epoch: 90 Train Loss: 0.45738252997398376
Train Accuracy: 0.8795279912184413 Train Sensitivity: 0.7345588235294118 Train Specitivity: 0.9127867746288799 Train FP Count: 517.0 Train AUROC: 0.7982138318549928
Test Accuracy: 0.9171240395170143 Test Sensitivity: 0.8968253968253969 Test Specitivity: 0.9203821656050956 Test FP Count: 125.0 Test AUROC: 0.81309979644446


Epoch: 91 Train Loss: 0.30320292711257935
Train Accuracy: 0.8907793633369924 Train Sensitivity: 0.7686567164179104 Train Specitivity: 0.9182918628110289 Train FP Count: 486.0 Train AUROC: 0.8128559856792046
Test Accuracy: 0.8798024149286499 Test Sensitivity: 0.6692307692307692 Test Specitivity: 0.9371508379888268 Test FP Count: 90.0 Test AUROC: 0.8279471491572103


Epoch: 92 Train Loss: 0.17434823513031006
Train Accuracy: 0.881860592755214 Train Sensitivity: 0.7361211247296323 Train Specitivity: 0.9161159125571937 Train FP Count: 495.0 Train AUROC: 0.805036643097329
Test Accuracy: 0.8924259055982436 Test Sensitivity: 0.7100271002710027 Test Specitivity: 0.9387474191328287 Test FP Count: 89.0 Test AUROC: 0.8368495567679796


Epoch: 93 Train Loss: 0.17610007524490356
Train Accuracy: 0.8953073545554336 Train Sensitivity: 0.7880642693190513 Train Specitivity: 0.918742685169704 Train FP Count: 486.0 Train AUROC: 0.8157146135378325
Test Accuracy: 0.9001097694840834 Test Sensitivity: 0.7353760445682451 Test Specitivity: 0.9405331510594669 Test FP Count: 87.0 Test AUROC: 0.8437774175367649


Epoch: 94 Train Loss: 1.073438048362732
Train Accuracy: 0.8825466520307355 Train Sensitivity: 0.748868778280543 Train Specitivity: 0.9122777591412278 Train FP Count: 523.0 Train AUROC: 0.7986604424599147
Test Accuracy: 0.9034028540065862 Test Sensitivity: 0.7659574468085106 Test Specitivity: 0.9336905559276625 Test FP Count: 99.0 Test AUROC: 0.8328016873224215


Epoch: 95 Train Loss: 1.8528740406036377
Train Accuracy: 0.8597694840834248 Train Sensitivity: 0.6712898751733704 Train Specitivity: 0.9062606910708176 Train FP Count: 548.0 Train AUROC: 0.7782009226600255
Test Accuracy: 0.8512623490669594 Test Sensitivity: 0.5921658986175116 Test Specitivity: 0.9322766570605188 Test FP Count: 94.0 Test AUROC: 0.8059337117800748


Epoch: 96 Train Loss: 0.11402744054794312
Train Accuracy: 0.8895444566410537 Train Sensitivity: 0.7608217168011738 Train Specitivity: 0.9191561181434599 Train FP Count: 479.0 Train AUROC: 0.8137786914172138
Test Accuracy: 0.9028540065861691 Test Sensitivity: 0.7558823529411764 Test Specitivity: 0.9365721997300944 Test FP Count: 94.0 Test AUROC: 0.8378847654850374


Epoch: 97 Train Loss: 0.14075812697410583
Train Accuracy: 0.9024423710208562 Train Sensitivity: 0.8280358598207009 Train Specitivity: 0.9175053621514602 Train FP Count: 500.0 Train AUROC: 0.8168144550070671
Test Accuracy: 0.9182217343578485 Test Sensitivity: 0.8458904109589042 Test Specitivity: 0.9320261437908497 Test FP Count: 104.0 Test AUROC: 0.8365561346526676


Epoch: 98 Train Loss: 0.18354271352291107
Train Accuracy: 0.8914654226125137 Train Sensitivity: 0.7748294162244125 Train Specitivity: 0.9172390685206903 Train FP Count: 494.0 Train AUROC: 0.8113435893778902
Test Accuracy: 0.9083424807903403 Test Sensitivity: 0.7967741935483871 Test Specitivity: 0.9312169312169312 Test FP Count: 104.0 Test AUROC: 0.8304378477729939


Epoch: 99 Train Loss: 0.43860146403312683
Train Accuracy: 0.8968166849615807 Train Sensitivity: 0.800314465408805 Train Specitivity: 0.917220744680851 Train FP Count: 498.0 Train AUROC: 0.8137492068890486
Test Accuracy: 0.9088913282107574 Test Sensitivity: 0.8200692041522492 Test Specitivity: 0.9256360078277887 Test FP Count: 114.0 Test AUROC: 0.8199317866211137


Fold Number 1
Epoch: 0 Train Loss: 489.5094909667969
Train Accuracy: 0.860318331503842 Train Sensitivity: 0.6942277691107644 Train Specitivity: 0.8957708957708957 Train FP Count: 626.0 Train AUROC: 0.7595785860957364
Test Accuracy: 0.8770581778265643 Test Sensitivity: 0.7750865051903114 Test Specitivity: 0.8962818003913894 Test FP Count: 159.0 Test AUROC: 0.7698430698719194


Epoch: 1 Train Loss: 107.55354309082031
Train Accuracy: 0.8795279912184413 Train Sensitivity: 0.750392464678179 Train Specitivity: 0.9068839374792151 Train FP Count: 560.0 Train AUROC: 0.7877566525323781
Test Accuracy: 0.8825466520307355 Test Sensitivity: 0.8262548262548263 Test Specitivity: 0.891874600127959 Test FP Count: 169.0 Test AUROC: 0.7637375099113287


Epoch: 2 Train Loss: 51.030059814453125
Train Accuracy: 0.888172338090011 Train Sensitivity: 0.766945925361767 Train Specitivity: 0.9148117154811716 Train FP Count: 509.0 Train AUROC: 0.8056167340468131
Test Accuracy: 0.8913282107574094 Test Sensitivity: 0.9223744292237442 Test Specitivity: 0.8870867124142233 Test FP Count: 181.0 Test AUROC: 0.7578006920239433


Epoch: 3 Train Loss: 18.85965347290039
Train Accuracy: 0.8839187705817783 Train Sensitivity: 0.7477810650887574 Train Specitivity: 0.9149258760107817 Train FP Count: 505.0 Train AUROC: 0.8039041172286554
Test Accuracy: 0.9039517014270033 Test Sensitivity: 0.7888888888888889 Test Specitivity: 0.9322845417236663 Test FP Count: 99.0 Test AUROC: 0.8443499529155183


Epoch: 4 Train Loss: 24.40563201904297
Train Accuracy: 0.8755488474204172 Train Sensitivity: 0.7070020394289599 Train Specitivity: 0.9181708784596871 Train FP Count: 476.0 Train AUROC: 0.80567250323187
Test Accuracy: 0.8819978046103183 Test Sensitivity: 0.78 Test Specitivity: 0.9021024967148489 Test FP Count: 149.0 Test AUROC: 0.7825504366427949


Epoch: 5 Train Loss: 7.235297679901123
Train Accuracy: 0.8695115257958288 Train Sensitivity: 0.6833225178455549 Train Specitivity: 0.9194362275970072 Train FP Count: 463.0 Train AUROC: 0.805022472238831
Test Accuracy: 0.9017563117453348 Test Sensitivity: 0.9811320754716981 Test Specitivity: 0.8913043478260869 Test FP Count: 175.0 Test AUROC: 0.7701506159085671


Epoch: 6 Train Loss: 0.7240679264068604
Train Accuracy: 0.8906421514818881 Train Sensitivity: 0.7555081734186212 Train Specitivity: 0.9229722836252338 Train FP Count: 453.0 Train AUROC: 0.8207946377471443
Test Accuracy: 0.8913282107574094 Test Sensitivity: 0.8245614035087719 Test Specitivity: 0.903708523096942 Test FP Count: 148.0 Test AUROC: 0.789415335932808


Epoch: 7 Train Loss: 0.167398139834404
Train Accuracy: 0.8980515916575192 Train Sensitivity: 0.7750889679715303 Train Specitivity: 0.9274179840217576 Train FP Count: 427.0 Train AUROC: 0.8317953380618288
Test Accuracy: 0.9094401756311745 Test Sensitivity: 0.8323170731707317 Test Specitivity: 0.9263721552878179 Test FP Count: 110.0 Test AUROC: 0.837286373442538


Epoch: 8 Train Loss: 0.3298150300979614
Train Accuracy: 0.899423710208562 Train Sensitivity: 0.77512297962052 Train Specitivity: 0.9295822676896845 Train FP Count: 413.0 Train AUROC: 0.8360662519633495
Test Accuracy: 0.8798024149286499 Test Sensitivity: 0.7329545454545454 Test Specitivity: 0.9149659863945578 Test FP Count: 125.0 Test AUROC: 0.8041530508748279


Epoch: 9 Train Loss: 0.2444201409816742
Train Accuracy: 0.8925631174533479 Train Sensitivity: 0.7575544624033732 Train Specitivity: 0.9253196930946291 Train FP Count: 438.0 Train AUROC: 0.8256552422119704
Test Accuracy: 0.8825466520307355 Test Sensitivity: 0.7632398753894081 Test Specitivity: 0.9080612924716855 Test FP Count: 138.0 Test AUROC: 0.7934361147954139


Epoch: 10 Train Loss: 0.20136615633964539
Train Accuracy: 0.8954445664105378 Train Sensitivity: 0.7640056022408963 Train Specitivity: 0.9274744027303754 Train FP Count: 425.0 Train AUROC: 0.8306358418495622
Test Accuracy: 0.9116355653128431 Test Sensitivity: 0.8627450980392157 Test Specitivity: 0.9215039577836411 Test FP Count: 119.0 Test AUROC: 0.8300540518963524


Epoch: 11 Train Loss: 0.2511664032936096
Train Accuracy: 0.9034028540065862 Train Sensitivity: 0.7937771345875543 Train Specitivity: 0.9290551981036235 Train FP Count: 419.0 Train AUROC: 0.8371192381746471
Test Accuracy: 0.9061470911086718 Test Sensitivity: 0.8251533742331288 Test Specitivity: 0.9237967914438503 Test FP Count: 114.0 Test AUROC: 0.8313695142949938


Epoch: 12 Train Loss: 0.4876062870025635
Train Accuracy: 0.8907793633369924 Train Sensitivity: 0.7403204272363151 Train Specitivity: 0.9297063903281519 Train FP Count: 407.0 Train AUROC: 0.8320680128067991
Test Accuracy: 0.9121844127332601 Test Sensitivity: 0.9054545454545454 Test Specitivity: 0.9133807369101486 Test FP Count: 134.0 Test AUROC: 0.8160312227268357


Epoch: 13 Train Loss: 0.2594813108444214
Train Accuracy: 0.900384193194292 Train Sensitivity: 0.7750696378830083 Train Specitivity: 0.9311346548188654 Train FP Count: 403.0 Train AUROC: 0.8391045297377752
Test Accuracy: 0.9193194291986828 Test Sensitivity: 0.8986486486486487 Test Specitivity: 0.9233289646133683 Test FP Count: 117.0 Test AUROC: 0.8368345801497632


Epoch: 14 Train Loss: 0.1962180733680725
Train Accuracy: 0.9007958287596048 Train Sensitivity: 0.7834167262330236 Train Specitivity: 0.9286805909322465 Train FP Count: 420.0 Train AUROC: 0.8352301713119655
Test Accuracy: 0.9105378704720087 Test Sensitivity: 0.8416149068322981 Test Specitivity: 0.9253333333333333 Test FP Count: 112.0 Test AUROC: 0.8360652614504197


Epoch: 15 Train Loss: 0.2767471373081207
Train Accuracy: 0.893523600439078 Train Sensitivity: 0.7517006802721088 Train Specitivity: 0.9293571674114816 Train FP Count: 411.0 Train AUROC: 0.832827753672081
Test Accuracy: 0.9209659714599341 Test Sensitivity: 0.9543726235741445 Test Specitivity: 0.9153303399615138 Test FP Count: 132.0 Test AUROC: 0.8235066780129079


Epoch: 16 Train Loss: 0.3300362825393677
Train Accuracy: 0.8973655323819978 Train Sensitivity: 0.7677824267782427 Train Specitivity: 0.9291083020157157 Train FP Count: 415.0 Train AUROC: 0.8342804952303633
Test Accuracy: 0.9045005488474204 Test Sensitivity: 0.8046647230320699 Test Specitivity: 0.9276538201487492 Test FP Count: 107.0 Test AUROC: 0.8370332603327303


Epoch: 17 Train Loss: 0.15675072371959686
Train Accuracy: 0.8933863885839737 Train Sensitivity: 0.7522184300341297 Train Specitivity: 0.9289026275115919 Train FP Count: 414.0 Train AUROC: 0.8320115579350408
Test Accuracy: 0.8885839736553238 Test Sensitivity: 0.7216748768472906 Test Specitivity: 0.9364406779661016 Test FP Count: 90.0 Test AUROC: 0.8432431500697649


Epoch: 18 Train Loss: 0.16317448019981384
Train Accuracy: 0.8983260153677278 Train Sensitivity: 0.772695285010556 Train Specitivity: 0.9287540480654508 Train FP Count: 418.0 Train AUROC: 0.8341573001863238
Test Accuracy: 0.8523600439077936 Test Sensitivity: 0.6295454545454545 Test Specitivity: 0.9232995658465991 Test FP Count: 106.0 Test AUROC: 0.8049822457936955


Epoch: 19 Train Loss: 0.9832786917686462
Train Accuracy: 0.8873490669593853 Train Sensitivity: 0.7312042581503659 Train Specitivity: 0.9279170267934312 Train FP Count: 417.0 Train AUROC: 0.827470483473122
Test Accuracy: 0.8973655323819978 Test Sensitivity: 0.8006134969325154 Test Specitivity: 0.9184491978609626 Test FP Count: 122.0 Test AUROC: 0.8181459419345826


Epoch: 20 Train Loss: 0.236100971698761
Train Accuracy: 0.8840559824368825 Train Sensitivity: 0.7229235880398671 Train Specitivity: 0.925989970603493 Train FP Count: 428.0 Train AUROC: 0.822716389009265
Test Accuracy: 0.9094401756311745 Test Sensitivity: 0.9866071428571429 Test Specitivity: 0.8986232790988736 Test FP Count: 162.0 Test AUROC: 0.7874693587982661


Epoch: 21 Train Loss: 0.5015916228294373
Train Accuracy: 0.8874862788144896 Train Sensitivity: 0.7383561643835617 Train Specitivity: 0.9248455730954015 Train FP Count: 438.0 Train AUROC: 0.8224501140068422
Test Accuracy: 0.9132821075740944 Test Sensitivity: 0.8151260504201681 Test Specitivity: 0.9372013651877134 Test FP Count: 92.0 Test AUROC: 0.8569629692798706


Epoch: 22 Train Loss: 0.20015691220760345
Train Accuracy: 0.8894072447859495 Train Sensitivity: 0.7418256130790191 Train Specitivity: 0.9266323024054983 Train FP Count: 427.0 Train AUROC: 0.8263379576044484
Test Accuracy: 0.9182217343578485 Test Sensitivity: 0.8679245283018868 Test Specitivity: 0.9288563829787234 Test FP Count: 107.0 Test AUROC: 0.845719848241


Epoch: 23 Train Loss: 0.5338839888572693
Train Accuracy: 0.8944840834248079 Train Sensitivity: 0.7549488054607508 Train Specitivity: 0.9295895586467456 Train FP Count: 410.0 Train AUROC: 0.8336773194952615
Test Accuracy: 0.9001097694840834 Test Sensitivity: 0.7583547557840618 Test Specitivity: 0.9385903698534543 Test FP Count: 88.0 Test AUROC: 0.8524559229374911


Epoch: 24 Train Loss: 0.4283953607082367
Train Accuracy: 0.8933863885839737 Train Sensitivity: 0.7488215488215488 Train Specitivity: 0.930380837497846 Train FP Count: 404.0 Train AUROC: 0.8344434601030908
Test Accuracy: 0.9182217343578485 Test Sensitivity: 0.8979591836734694 Test Specitivity: 0.9221204188481675 Test FP Count: 119.0 Test AUROC: 0.8342236140923218


Epoch: 25 Train Loss: 0.3800564706325531
Train Accuracy: 0.8899560922063666 Train Sensitivity: 0.7468879668049793 Train Specitivity: 0.9253680246490927 Train FP Count: 436.0 Train AUROC: 0.8244957459997039
Test Accuracy: 0.9154774972557629 Test Sensitivity: 0.8803986710963455 Test Specitivity: 0.9224194608809994 Test FP Count: 118.0 Test AUROC: 0.8334443160230578


Epoch: 26 Train Loss: 0.360147088766098
Train Accuracy: 0.8857025246981339 Train Sensitivity: 0.7324710687542546 Train Specitivity: 0.9243856332703214 Train FP Count: 440.0 Train AUROC: 0.8208376074471062
Test Accuracy: 0.8166849615806806 Test Sensitivity: 0.5411764705882353 Test Specitivity: 0.9502852485737572 Test FP Count: 61.0 Test AUROC: 0.8255079952897374


Epoch: 27 Train Loss: 0.23367927968502045
Train Accuracy: 0.8869374313940724 Train Sensitivity: 0.7356948228882834 Train Specitivity: 0.925085910652921 Train FP Count: 436.0 Train AUROC: 0.8225899940939518
Test Accuracy: 0.9176728869374314 Test Sensitivity: 0.8794788273615635 Test Specitivity: 0.9254125412541254 Test FP Count: 113.0 Test AUROC: 0.8396242676503302


Epoch: 28 Train Loss: 0.28043332695961
Train Accuracy: 0.899423710208562 Train Sensitivity: 0.7724425887265136 Train Specitivity: 0.9306101521107503 Train FP Count: 406.0 Train AUROC: 0.8377685834809846
Test Accuracy: 0.9138309549945115 Test Sensitivity: 0.937984496124031 Test Specitivity: 0.909846547314578 Test FP Count: 141.0 Test AUROC: 0.810367476689099


Epoch: 29 Train Loss: 1.2531929016113281
Train Accuracy: 0.8862513721185511 Train Sensitivity: 0.738045738045738 Train Specitivity: 0.9228400342172798 Train FP Count: 451.0 Train AUROC: 0.8185090154087515
Test Accuracy: 0.5965971459934138 Test Sensitivity: 0.324 Test Specitivity: 0.9282238442822385 Test FP Count: 59.0 Test AUROC: 0.6880911642658722


Epoch: 30 Train Loss: 0.2785939574241638
Train Accuracy: 0.8961306256860593 Train Sensitivity: 0.7659425367904695 Train Specitivity: 0.92782801569698 Train FP Count: 423.0 Train AUROC: 0.8315553477162975
Test Accuracy: 0.8973655323819978 Test Sensitivity: 0.7538860103626943 Test Specitivity: 0.935933147632312 Test FP Count: 92.0 Test AUROC: 0.8468865273062779


Epoch: 31 Train Loss: 1.9666322469711304
Train Accuracy: 0.8880351262349067 Train Sensitivity: 0.744413407821229 Train Specitivity: 0.923155737704918 Train FP Count: 450.0 Train AUROC: 0.8198783317516828
Test Accuracy: 0.823271130625686 Test Sensitivity: 0.5574387947269304 Test Specitivity: 0.9326103795507359 Test FP Count: 87.0 Test AUROC: 0.8047690501635708


Epoch: 32 Train Loss: 0.4403209090232849
Train Accuracy: 0.8976399560922064 Train Sensitivity: 0.7718926553672316 Train Specitivity: 0.9279632152588556 Train FP Count: 423.0 Train AUROC: 0.8325082236691735
Test Accuracy: 0.9187705817782656 Test Sensitivity: 0.9757085020242915 Test Specitivity: 0.9098412698412699 Test FP Count: 142.0 Test AUROC: 0.8125366288236864


Epoch: 33 Train Loss: 0.20724159479141235
Train Accuracy: 0.8811745334796927 Train Sensitivity: 0.7241379310344828 Train Specitivity: 0.9201781431997259 Train FP Count: 466.0 Train AUROC: 0.8116560339515484
