Lmod has detected the following error: These module(s) exist but cannot be
loaded as requested: "mvapich2"
   Try: "module spider mvapich2" to see how to load the module(s).



Using cuda device 

--------------------------------
Patient 01
Fold Number 0
Epoch: 0 Train Loss: 1113.06640625
Train Accuracy: 0.8315038419319429 Train Sensitivity: 0.5936708860759494 Train Specitivity: 0.8973370707778556 Train FP Count: 586.0 Train AUROC: 0.7520522894388375
Test Accuracy: 0.8688254665203073 Test Sensitivity: 0.9933774834437086 Test Specitivity: 0.8575703171753442 Test FP Count: 238.0 Test AUROC: 0.6929502940372975


Epoch: 1 Train Loss: 360.33642578125
Train Accuracy: 0.8656695938529089 Train Sensitivity: 0.6885813148788927 Train Specitivity: 0.9094643162758856 Train FP Count: 529.0 Train AUROC: 0.7874081774649785
Test Accuracy: 0.9061470911086718 Test Sensitivity: 0.9125475285171103 Test Specitivity: 0.9050673508659397 Test FP Count: 148.0 Test AUROC: 0.8012588247135113


Epoch: 2 Train Loss: 325.0647888183594
Train Accuracy: 0.8726673984632273 Train Sensitivity: 0.7058011049723757 Train Specitivity: 0.9140410958904109 Train FP Count: 502.0 Train AUROC: 0.7983483327595847
Test Accuracy: 0.9110867178924259 Test Sensitivity: 0.8717105263157895 Test Specitivity: 0.9189723320158103 Test FP Count: 123.0 Test AUROC: 0.8278965190009921


Epoch: 3 Train Loss: 357.64019775390625
Train Accuracy: 0.8773326015367727 Train Sensitivity: 0.7139945652173914 Train Specitivity: 0.9186726272352133 Train FP Count: 473.0 Train AUROC: 0.8082964950338876
Test Accuracy: 0.8951701427003294 Test Sensitivity: 0.7350835322195705 Test Specitivity: 0.9429793300071276 Test FP Count: 80.0 Test AUROC: 0.8582042876245525


Epoch: 4 Train Loss: 39.349300384521484
Train Accuracy: 0.8874862788144896 Train Sensitivity: 0.7461538461538462 Train Specitivity: 0.9219870262888358 Train FP Count: 457.0 Train AUROC: 0.8185770671795797
Test Accuracy: 0.9039517014270033 Test Sensitivity: 0.9531914893617022 Test Specitivity: 0.8966603654694392 Test FP Count: 164.0 Test AUROC: 0.7848243684308904


Fold Number 1
Epoch: 0 Train Loss: 833.1951904296875
Train Accuracy: 0.8659440175631175 Train Sensitivity: 0.6966211358734723 Train Specitivity: 0.9058843479735459 Train FP Count: 555.0 Train AUROC: 0.781306862579027
Test Accuracy: 0.8688254665203073 Test Sensitivity: 0.7206349206349206 Test Specitivity: 0.8998009289980093 Test FP Count: 151.0 Test AUROC: 0.7697936361371265


Epoch: 1 Train Loss: 798.944580078125
Train Accuracy: 0.8798024149286499 Train Sensitivity: 0.7403560830860534 Train Specitivity: 0.9114478114478114 Train FP Count: 526.0 Train AUROC: 0.7970669610087774
Test Accuracy: 0.8836443468715697 Test Sensitivity: 0.7243243243243244 Test Specitivity: 0.9242424242424242 Test FP Count: 110.0 Test AUROC: 0.8191787949405678


Epoch: 2 Train Loss: 731.3507080078125
Train Accuracy: 0.8937980241492866 Train Sensitivity: 0.7798507462686567 Train Specitivity: 0.9194687289845326 Train FP Count: 479.0 Train AUROC: 0.8172579008817513
Test Accuracy: 0.9215148188803512 Test Sensitivity: 0.9151943462897526 Test Specitivity: 0.9226770630279402 Test FP Count: 119.0 Test AUROC: 0.8342823432851133


Epoch: 3 Train Loss: 749.9248046875
Train Accuracy: 0.9012074643249177 Train Sensitivity: 0.8013493253373314 Train Specitivity: 0.9235807860262009 Train FP Count: 455.0 Train AUROC: 0.8277342761023713
Test Accuracy: 0.9121844127332601 Test Sensitivity: 0.9954545454545455 Test Specitivity: 0.900749063670412 Test FP Count: 159.0 Test AUROC: 0.7893362792947282


Epoch: 4 Train Loss: 387.10015869140625
Train Accuracy: 0.9009330406147091 Train Sensitivity: 0.8061068702290076 Train Specitivity: 0.9217129474740716 Train FP Count: 468.0 Train AUROC: 0.8244233827121368
Test Accuracy: 0.9110867178924259 Test Sensitivity: 0.9537815126050421 Test Specitivity: 0.9046717171717171 Test FP Count: 151.0 Test AUROC: 0.7964556859986223


Fold Number 2
Epoch: 0 Train Loss: 1264.6011962890625
Train Accuracy: 0.8604555433589463 Train Sensitivity: 0.688195991091314 Train Specitivity: 0.8995118666891095 Train FP Count: 597.0 Train AUROC: 0.7677008256514778
Test Accuracy: 0.854006586169045 Test Sensitivity: 0.625 Test Specitivity: 0.9304538799414348 Test FP Count: 95.0 Test AUROC: 0.8157073509015257


Epoch: 1 Train Loss: 1404.578125
Train Accuracy: 0.8789791437980241 Train Sensitivity: 0.7431818181818182 Train Specitivity: 0.909014745308311 Train FP Count: 543.0 Train AUROC: 0.7924437316605376
Test Accuracy: 0.8902305159165752 Test Sensitivity: 0.8947368421052632 Test Specitivity: 0.8895859473023839 Test FP Count: 176.0 Test AUROC: 0.7600992773195123


Epoch: 2 Train Loss: 562.4191284179688
Train Accuracy: 0.8913282107574094 Train Sensitivity: 0.7837209302325582 Train Specitivity: 0.9144714904968323 Train FP Count: 513.0 Train AUROC: 0.807490970290754
Test Accuracy: 0.9034028540065862 Test Sensitivity: 0.908 Test Specitivity: 0.9026717557251909 Test FP Count: 153.0 Test AUROC: 0.790709175852252


Epoch: 3 Train Loss: 431.2784118652344
Train Accuracy: 0.8946212952799122 Train Sensitivity: 0.7898773006134969 Train Specitivity: 0.9174465240641712 Train FP Count: 494.0 Train AUROC: 0.8141582926700436
Test Accuracy: 0.9001097694840834 Test Sensitivity: 0.9759615384615384 Test Specitivity: 0.8903345724907064 Test FP Count: 177.0 Test AUROC: 0.7653715599678809


Epoch: 4 Train Loss: 159.24473571777344
Train Accuracy: 0.9009330406147091 Train Sensitivity: 0.8079877112135176 Train Specitivity: 0.9211493484797861 Train FP Count: 472.0 Train AUROC: 0.8234580280171432
Test Accuracy: 0.9066959385290889 Test Sensitivity: 0.8620689655172413 Test Specitivity: 0.9151436031331592 Test FP Count: 130.0 Test AUROC: 0.8150777429009417


Fold Number 3
Epoch: 0 Train Loss: 3443.90673828125
Train Accuracy: 0.8527716794731065 Train Sensitivity: 0.660956459671663 Train Specitivity: 0.8984202480040768 Train FP Count: 598.0 Train AUROC: 0.7626017492955642
Test Accuracy: 0.8572996706915478 Test Sensitivity: 1.0 Test Specitivity: 0.8474178403755869 Test FP Count: 260.0 Test AUROC: 0.656084656084656


Epoch: 1 Train Loss: 495.05328369140625
Train Accuracy: 0.872530186608123 Train Sensitivity: 0.7030716723549488 Train Specitivity: 0.9151640048085179 Train FP Count: 494.0 Train AUROC: 0.8001922968338189
Test Accuracy: 0.8529088913282108 Test Sensitivity: 0.6608187134502924 Test Specitivity: 0.8972972972972973 Test FP Count: 152.0 Test AUROC: 0.7587755939556493


Epoch: 2 Train Loss: 264.3864440917969
Train Accuracy: 0.8905049396267838 Train Sensitivity: 0.7661290322580645 Train Specitivity: 0.9191424713031735 Train FP Count: 479.0 Train AUROC: 0.8151760133036805
Test Accuracy: 0.9039517014270033 Test Sensitivity: 0.834983498349835 Test Specitivity: 0.9177090190915076 Test FP Count: 125.0 Test AUROC: 0.8173430652655029


Epoch: 3 Train Loss: 113.89738464355469
Train Accuracy: 0.8902305159165752 Train Sensitivity: 0.7513888888888889 Train Specitivity: 0.9244186046511628 Train FP Count: 442.0 Train AUROC: 0.8239320536008641
Test Accuracy: 0.9187705817782656 Test Sensitivity: 0.9457364341085271 Test Specitivity: 0.9143222506393862 Test FP Count: 134.0 Test AUROC: 0.8179036773219599


Epoch: 4 Train Loss: 88.67488861083984
Train Accuracy: 0.8990120746432492 Train Sensitivity: 0.7855072463768116 Train Specitivity: 0.9255247122545701 Train FP Count: 440.0 Train AUROC: 0.8299664311565496
Test Accuracy: 0.9198682766190999 Test Sensitivity: 0.9496124031007752 Test Specitivity: 0.9149616368286445 Test FP Count: 133.0 Test AUROC: 0.8195726890325229


Fold Number 4
Epoch: 0 Train Loss: 797.0263061523438
Train Accuracy: 0.8504390779363337 Train Sensitivity: 0.6539007092198581 Train Specitivity: 0.8975842123171147 Train FP Count: 602.0 Train AUROC: 0.7601617242327707
Test Accuracy: 0.8841931942919868 Test Sensitivity: 0.9502762430939227 Test Specitivity: 0.8769043266301036 Test FP Count: 202.0 Test AUROC: 0.7268387892575413


Epoch: 1 Train Loss: 903.2101440429688
Train Accuracy: 0.8883095499451152 Train Sensitivity: 0.7595029239766082 Train Specitivity: 0.9180743243243243 Train FP Count: 485.0 Train AUROC: 0.8123400562091432
Test Accuracy: 0.8748627881448957 Test Sensitivity: 0.7239263803680982 Test Specitivity: 0.9077540106951871 Test FP Count: 138.0 Test AUROC: 0.7844306733240759


Epoch: 2 Train Loss: 400.039306640625
Train Accuracy: 0.894072447859495 Train Sensitivity: 0.7818590704647677 Train Specitivity: 0.9192139737991266 Train FP Count: 481.0 Train AUROC: 0.8169487141657605
Test Accuracy: 0.8523600439077936 Test Sensitivity: 0.6385224274406333 Test Specitivity: 0.9085239085239085 Test FP Count: 132.0 Test AUROC: 0.7762227819304517


Epoch: 3 Train Loss: 213.07504272460938
Train Accuracy: 0.8943468715697036 Train Sensitivity: 0.7723988439306358 Train Specitivity: 0.9229336043360433 Train FP Count: 455.0 Train AUROC: 0.8233970103147238
Test Accuracy: 0.893523600439078 Test Sensitivity: 0.9945054945054945 Test Specitivity: 0.8823170731707317 Test FP Count: 193.0 Test AUROC: 0.741633305758265


Epoch: 4 Train Loss: 153.43740844726562
Train Accuracy: 0.8976399560922064 Train Sensitivity: 0.7890044576523031 Train Specitivity: 0.9222484012117133 Train FP Count: 462.0 Train AUROC: 0.8237895271765561
Test Accuracy: 0.9127332601536773 Test Sensitivity: 0.9387755102040817 Test Specitivity: 0.9086873811033608 Test FP Count: 144.0 Test AUROC: 0.802307073004993


