Lmod has detected the following error: These module(s) exist but cannot be
loaded as requested: "mvapich2"
   Try: "module spider mvapich2" to see how to load the module(s).



Using cuda device 

--------------------------------
Patient 01
Fold Number 0
Epoch: 0 Train Loss: 163.58740234375
Train Accuracy: 0.789287644092219 Train Sensitivity: 0.7804866547203622 Train Specitivity: 0.7973287376130977 Train FP Count: 4704.0 Train AUROC: 0.7888514771122714
Test Accuracy: 0.8096181556195965 Test Sensitivity: 0.844559585492228 Test Specitivity: 0.784610630407911 Test FP Count: 1394.0 Test AUROC: 0.8065489002992701


Epoch: 1 Train Loss: 0.8215687870979309
Train Accuracy: 0.8497613472622478 Train Sensitivity: 0.8432674199623352 Train Specitivity: 0.855712806351398 Train FP Count: 3344.0 Train AUROC: 0.8494696564791857
Test Accuracy: 0.8568984149855908 Test Sensitivity: 0.8650559811431938 Test Specitivity: 0.8499916846831864 Test FP Count: 902.0 Test AUROC: 0.8557573175667761


Epoch: 2 Train Loss: 1.2793771028518677
Train Accuracy: 0.8563580691642652 Train Sensitivity: 0.8502142487168621 Train Specitivity: 0.8619871435350964 Train FP Count: 3199.0 Train AUROC: 0.8560756447272414
Test Accuracy: 0.8568984149855908 Test Sensitivity: 0.8330048378426805 Test Specitivity: 0.8810429114611624 Test FP Count: 657.0 Test AUROC: 0.857716413643032


Epoch: 3 Train Loss: 0.6529661417007446
Train Accuracy: 0.8515399855907781 Train Sensitivity: 0.8449809402795425 Train Specitivity: 0.8575560063883972 Train FP Count: 3300.0 Train AUROC: 0.8512602875572262
Test Accuracy: 0.8133105187319885 Test Sensitivity: 0.7764665640499402 Test Specitivity: 0.8542895187369222 Test FP Count: 766.0 Test AUROC: 0.8151062852690927


Epoch: 4 Train Loss: 0.40326279401779175
Train Accuracy: 0.847442363112392 Train Sensitivity: 0.8408908979611056 Train Specitivity: 0.853444928599163 Train FP Count: 3397.0 Train AUROC: 0.8471434902955146
Test Accuracy: 0.8507744956772334 Test Sensitivity: 0.8255129348795718 Test Specitivity: 0.8765230041825787 Test FP Count: 679.0 Test AUROC: 0.8516764037458098


Epoch: 5 Train Loss: 12.126836776733398
Train Accuracy: 0.8319074207492796 Train Sensitivity: 0.8241267453340229 Train Specitivity: 0.8390581119032189 Train FP Count: 3725.0 Train AUROC: 0.8316127975374042
Test Accuracy: 0.7834113832853026 Test Sensitivity: 0.7823632470313413 Test Specitivity: 0.7843137254901961 Test FP Count: 1287.0 Test AUROC: 0.7823096452277564


Epoch: 6 Train Loss: 0.7893572449684143
Train Accuracy: 0.8338886887608069 Train Sensitivity: 0.8259194889379492 Train Specitivity: 0.8412245427422493 Train FP Count: 3672.0 Train AUROC: 0.8336151435060587
Test Accuracy: 0.8692363112391931 Test Sensitivity: 0.8599178184534927 Test Specitivity: 0.8779130434782608 Test FP Count: 702.0 Test AUROC: 0.8691709984349335


Epoch: 7 Train Loss: 0.20509731769561768
Train Accuracy: 0.8249954971181557 Train Sensitivity: 0.8170146726862303 Train Specitivity: 0.8323255010366275 Train FP Count: 3882.0 Train AUROC: 0.8246813467398608
Test Accuracy: 0.8565381844380403 Test Sensitivity: 0.9113671615333481 Test Specitivity: 0.8189956000606888 Test FP Count: 1193.0 Test AUROC: 0.8530854446735275


Epoch: 8 Train Loss: 0.8686450719833374
Train Accuracy: 0.8311869596541787 Train Sensitivity: 0.8229494342457392 Train Specitivity: 0.838776657870831 Train FP Count: 3727.0 Train AUROC: 0.8309181093539012
Test Accuracy: 0.8566282420749279 Test Sensitivity: 0.8746973365617433 Test Specitivity: 0.8420624593363696 Test FP Count: 971.0 Test AUROC: 0.8549468622412527


Epoch: 9 Train Loss: 0.3129749894142151
Train Accuracy: 0.8355997838616714 Train Sensitivity: 0.8276736649288432 Train Specitivity: 0.8428972972972973 Train FP Count: 3633.0 Train AUROC: 0.8353313312290935
Test Accuracy: 0.861671469740634 Test Sensitivity: 0.8899462143152669 Test Specitivity: 0.8398724082934609 Test FP Count: 1004.0 Test AUROC: 0.8595122354602694


Epoch: 10 Train Loss: 0.1231631189584732
Train Accuracy: 0.8256484149855908 Train Sensitivity: 0.8172043010752689 Train Specitivity: 0.8334270513430512 Train FP Count: 3851.0 Train AUROC: 0.8253674108899736
Test Accuracy: 0.8577089337175793 Test Sensitivity: 0.8493998499624906 Test Specitivity: 0.8653846153846154 Test FP Count: 777.0 Test AUROC: 0.8575329860810887


Epoch: 11 Train Loss: 0.2607472240924835
Train Accuracy: 0.8056781340057637 Train Sensitivity: 0.7977077634185454 Train Specitivity: 0.8129576979408978 Train FP Count: 4342.0 Train AUROC: 0.8052683337367057
Test Accuracy: 0.7967399135446686 Test Sensitivity: 0.752191894127378 Test Specitivity: 0.8499703498715161 Test FP Count: 759.0 Test AUROC: 0.7992947189114824


Epoch: 12 Train Loss: 0.24068014323711395
Train Accuracy: 0.8135581772334294 Train Sensitivity: 0.8068300066218901 Train Specitivity: 0.8196700180458881 Train FP Count: 4197.0 Train AUROC: 0.8131048388018247
Test Accuracy: 0.8351044668587896 Test Sensitivity: 0.8195696155968365 Test Specitivity: 0.8500088230104111 Test FP Count: 850.0 Test AUROC: 0.8353038604496892


Epoch: 13 Train Loss: 0.24546301364898682
Train Accuracy: 0.8037644092219021 Train Sensitivity: 0.7974287205275392 Train Specitivity: 0.8094870806016198 Train FP Count: 4446.0 Train AUROC: 0.803232022828632
Test Accuracy: 0.8109690201729106 Test Sensitivity: 0.761028813283412 Test Specitivity: 0.8728079016327354 Test FP Count: 631.0 Test AUROC: 0.8139436347222947


Epoch: 14 Train Loss: 0.5052890777587891
Train Accuracy: 0.7844920749279539 Train Sensitivity: 0.7758417150682344 Train Specitivity: 0.7923748870433324 Train FP Count: 4825.0 Train AUROC: 0.7840189907085815
Test Accuracy: 0.7480187319884726 Test Sensitivity: 0.8779385171790235 Test Specitivity: 0.6926534806062162 Test FP Count: 2393.0 Test AUROC: 0.7395747289023199


Epoch: 15 Train Loss: 0.48078256845474243
Train Accuracy: 0.7721766930835735 Train Sensitivity: 0.7632375189107413 Train Specitivity: 0.780304332874828 Train FP Count: 5111.0 Train AUROC: 0.7716566902211149
Test Accuracy: 0.7943984149855908 Test Sensitivity: 0.8160150533138197 Test Specitivity: 0.7780414491377946 Test FP Count: 1403.0 Test AUROC: 0.7919029424732419


Epoch: 16 Train Loss: 0.22997510433197021
Train Accuracy: 0.7663904899135446 Train Sensitivity: 0.7570044885424049 Train Specitivity: 0.7749344114231645 Train FP Count: 5233.0 Train AUROC: 0.7658723953243093
Test Accuracy: 0.7747658501440923 Test Sensitivity: 0.7429412783648016 Test Specitivity: 0.8092290377039955 Test FP Count: 1017.0 Test AUROC: 0.7761899322679994


Epoch: 17 Train Loss: 0.24561919271945953
Train Accuracy: 0.792282060518732 Train Sensitivity: 0.7867187872431711 Train Specitivity: 0.797260975297581 Train FP Count: 4752.0 Train AUROC: 0.7916297616235308
Test Accuracy: 0.7191102305475504 Test Sensitivity: 0.6540357796872799 Test Specitivity: 0.8344569288389513 Test FP Count: 663.0 Test AUROC: 0.7257263867975323


Epoch: 18 Train Loss: 0.45959439873695374
Train Accuracy: 0.7758465417867435 Train Sensitivity: 0.7675839530147303 Train Specitivity: 0.7833326181178389 Train FP Count: 5049.0 Train AUROC: 0.7752955600264565
Test Accuracy: 0.7589157060518732 Test Sensitivity: 0.7064551594157374 Test Specitivity: 0.8294279079586236 Test FP Count: 808.0 Test AUROC: 0.7626835137010605


Epoch: 19 Train Loss: 0.3684616982936859
Train Accuracy: 0.7836590417867435 Train Sensitivity: 0.7759192570128886 Train Specitivity: 0.790665751544269 Train FP Count: 4880.0 Train AUROC: 0.7831137617461829
Test Accuracy: 0.8121397694524496 Test Sensitivity: 0.8236831523924407 Test Specitivity: 0.802773246329527 Test FP Count: 1209.0 Test AUROC: 0.8104428434776174


Epoch: 20 Train Loss: 0.20976728200912476
Train Accuracy: 0.7730772694524496 Train Sensitivity: 0.7641830559757943 Train Specitivity: 0.781164030261348 Train FP Count: 5091.0 Train AUROC: 0.7725589280425017
Test Accuracy: 0.801693083573487 Test Sensitivity: 0.7525219655060201 Test Specitivity: 0.8626462283178701 Test FP Count: 681.0 Test AUROC: 0.804661445964379


Epoch: 21 Train Loss: 1.2409312725067139
Train Accuracy: 0.7897154178674352 Train Sensitivity: 0.7834610077556264 Train Specitivity: 0.7953331338946109 Train FP Count: 4789.0 Train AUROC: 0.7890971010805882
Test Accuracy: 0.7588256484149856 Test Sensitivity: 0.7140762463343109 Test Specitivity: 0.8141361256544503 Test FP Count: 923.0 Test AUROC: 0.7616777013584756


Epoch: 22 Train Loss: 0.1719539761543274
Train Accuracy: 0.7979782060518732 Train Sensitivity: 0.7920114122681883 Train Specitivity: 0.8033438809544172 Train FP Count: 4599.0 Train AUROC: 0.7973877161974126
Test Accuracy: 0.7820605187319885 Test Sensitivity: 0.7376482213438735 Test Specitivity: 0.8356518282988871 Test FP Count: 827.0 Test AUROC: 0.7846943985649808


Epoch: 23 Train Loss: 0.2253422737121582
Train Accuracy: 0.7878917507204611 Train Sensitivity: 0.7806393473724151 Train Specitivity: 0.7944453968798217 Train FP Count: 4796.0 Train AUROC: 0.7873349208826952
Test Accuracy: 0.7670208933717579 Test Sensitivity: 0.6943531093638313 Test Specitivity: 0.8907276709661718 Test FP Count: 449.0 Test AUROC: 0.7733154861750292


Epoch: 24 Train Loss: 1.6920123100280762
Train Accuracy: 0.7801467939481268 Train Sensitivity: 0.7733631518842786 Train Specitivity: 0.7862393162393162 Train FP Count: 5002.0 Train AUROC: 0.7795098562971556
Test Accuracy: 0.7662103746397695 Test Sensitivity: 0.6986221049545588 Test Specitivity: 0.8738907052779075 Test FP Count: 540.0 Test AUROC: 0.7718116922182376


Epoch: 25 Train Loss: 0.5056767463684082
Train Accuracy: 0.7866759726224783 Train Sensitivity: 0.7792527972691068 Train Specitivity: 0.7933887840850626 Train FP Count: 4819.0 Train AUROC: 0.7861246432734251
Test Accuracy: 0.7829610951008645 Test Sensitivity: 0.7766526557126481 Test Specitivity: 0.7885860306643953 Test FP Count: 1241.0 Test AUROC: 0.7822462923448524


Epoch: 26 Train Loss: 0.2453160583972931
Train Accuracy: 0.779426332853026 Train Sensitivity: 0.7716968604761453 Train Specitivity: 0.7864123446206601 Train FP Count: 4983.0 Train AUROC: 0.778855821224062
Test Accuracy: 0.8206051873198847 Test Sensitivity: 0.8086810730253353 Test Specitivity: 0.8317642956764296 Test FP Count: 965.0 Test AUROC: 0.8205001867756107


Epoch: 27 Train Loss: 0.34736794233322144
Train Accuracy: 0.7829160662824207 Train Sensitivity: 0.7764078640453183 Train Specitivity: 0.7887564611901405 Train FP Count: 4945.0 Train AUROC: 0.7822755262171174
Test Accuracy: 0.7836815561959655 Test Sensitivity: 0.7455191072032465 Test Specitivity: 0.8271676300578035 Test FP Count: 897.0 Test AUROC: 0.7856869162287007


Epoch: 28 Train Loss: 0.2829528748989105
Train Accuracy: 0.8011527377521613 Train Sensitivity: 0.7971298732360679 Train Specitivity: 0.8047297009910255 Train FP Count: 4591.0 Train AUROC: 0.8004471131177723
Test Accuracy: 0.7960194524495677 Test Sensitivity: 0.7585444652270023 Test Specitivity: 0.8382155849128853 Test FP Count: 845.0 Test AUROC: 0.7979171431405893


Epoch: 29 Train Loss: 0.3107903301715851
Train Accuracy: 0.7863157420749279 Train Sensitivity: 0.778635717669351 Train Specitivity: 0.7932721187676993 Train FP Count: 4818.0 Train AUROC: 0.7857811709064745
Test Accuracy: 0.8232168587896254 Test Sensitivity: 0.8069788797061525 Test Specitivity: 0.8388407845909172 Test FP Count: 912.0 Test AUROC: 0.8234248535992564


Epoch: 30 Train Loss: 0.3100639581680298
Train Accuracy: 0.7712761167146974 Train Sensitivity: 0.7625650733554188 Train Specitivity: 0.7791806235506313 Train FP Count: 5142.0 Train AUROC: 0.7707331579133236
Test Accuracy: 0.8084474063400576 Test Sensitivity: 0.7803845475392486 Test Specitivity: 0.8377184912603496 Test FP Count: 882.0 Test AUROC: 0.8095219350499353


Epoch: 31 Train Loss: 0.7197679281234741
Train Accuracy: 0.7825108069164265 Train Sensitivity: 0.7760057129254939 Train Specitivity: 0.7883473580795353 Train FP Count: 4955.0 Train AUROC: 0.781867583335093
Test Accuracy: 0.7438760806916427 Test Sensitivity: 0.9108811748998665 Test Specitivity: 0.6821657622101628 Test FP Count: 2577.0 Test AUROC: 0.7341365226346945


Epoch: 32 Train Loss: 0.3437216281890869
Train Accuracy: 0.7990363832853026 Train Sensitivity: 0.7922533541933343 Train Specitivity: 0.805170861381469 Train FP Count: 4544.0 Train AUROC: 0.7985088253031557
Test Accuracy: 0.8046649855907781 Test Sensitivity: 0.7995035325568073 Test Specitivity: 0.8092722004431566 Test FP Count: 1119.0 Test AUROC: 0.8040048708582849


Epoch: 33 Train Loss: 0.1878904402256012
Train Accuracy: 0.7765670028818443 Train Sensitivity: 0.7666243117323168 Train Specitivity: 0.7856865368843614 Train FP Count: 4965.0 Train AUROC: 0.7761489889267961
Test Accuracy: 0.787914265129683 Test Sensitivity: 0.7475255829558799 Test Specitivity: 0.8347268131440794 Test FP Count: 850.0 Test AUROC: 0.7901158645890475


Epoch: 34 Train Loss: 0.27978456020355225
Train Accuracy: 0.8018056556195965 Train Sensitivity: 0.7971270401832585 Train Specitivity: 0.8059841445742051 Train FP Count: 4552.0 Train AUROC: 0.8011486641670884
Test Accuracy: 0.8037644092219021 Test Sensitivity: 0.7459493471763411 Test Specitivity: 0.8811881188118812 Test FP Count: 564.0 Test AUROC: 0.8075804568610749


Epoch: 35 Train Loss: 0.31698572635650635
Train Accuracy: 0.7810473703170029 Train Sensitivity: 0.7740279494248503 Train Specitivity: 0.7873641885533408 Train FP Count: 4971.0 Train AUROC: 0.7804333886049473
Test Accuracy: 0.8110590778097982 Test Sensitivity: 0.8123052959501558 Test Specitivity: 0.8099865951742627 Test FP Count: 1134.0 Test AUROC: 0.8100077271664052


Epoch: 36 Train Loss: 0.2292529195547104
Train Accuracy: 0.7817678314121037 Train Sensitivity: 0.774032992036405 Train Specitivity: 0.7887650085763294 Train FP Count: 4926.0 Train AUROC: 0.7812113188716693
Test Accuracy: 0.8007024495677233 Test Sensitivity: 0.8471380471380472 Test Specitivity: 0.7695894119416453 Test FP Count: 1532.0 Test AUROC: 0.7969079827492928


Epoch: 37 Train Loss: 0.3964870572090149
Train Accuracy: 0.795726765129683 Train Sensitivity: 0.7900199980954195 Train Specitivity: 0.8008456479029641 Train FP Count: 4663.0 Train AUROC: 0.7951050195703399
Test Accuracy: 0.8067363112391931 Test Sensitivity: 0.8084732526356891 Test Specitivity: 0.8052490805750585 Test FP Count: 1165.0 Test AUROC: 0.8056204831409821


Epoch: 38 Train Loss: 0.28310054540634155
Train Accuracy: 0.7752386527377522 Train Sensitivity: 0.766225791213982 Train Specitivity: 0.7834466144713069 Train FP Count: 5034.0 Train AUROC: 0.7747417215754332
Test Accuracy: 0.8168227665706052 Test Sensitivity: 0.8338775510204082 Test Specitivity: 0.8033526756931012 Test FP Count: 1220.0 Test AUROC: 0.8148391889946843


Epoch: 39 Train Loss: 0.46779632568359375
Train Accuracy: 0.8058582492795389 Train Sensitivity: 0.8012209080503625 Train Specitivity: 0.8100051177072671 Train FP Count: 4455.0 Train AUROC: 0.8052222854001311
Test Accuracy: 0.766300432276657 Test Sensitivity: 0.6951201957679574 Test Specitivity: 0.8852537887899928 Test FP Count: 477.0 Test AUROC: 0.7724016964140252


Epoch: 40 Train Loss: 0.2546442449092865
Train Accuracy: 0.7745181916426513 Train Sensitivity: 0.766048096951335 Train Specitivity: 0.7821998969603298 Train FP Count: 5073.0 Train AUROC: 0.7739754064831138
Test Accuracy: 0.8244776657060519 Test Sensitivity: 0.7810145655449523 Test Specitivity: 0.8750730851685832 Test FP Count: 641.0 Test AUROC: 0.8267991666154166


Epoch: 41 Train Loss: 0.28348422050476074
Train Accuracy: 0.8023009726224783 Train Sensitivity: 0.7985639061752035 Train Specitivity: 0.8056193148006461 Train FP Count: 4573.0 Train AUROC: 0.8015829473720368
Test Accuracy: 0.8100684438040345 Test Sensitivity: 0.8103280916326927 Test Specitivity: 0.8098437762472703 Test FP Count: 1132.0 Test AUROC: 0.8090751168208958


Epoch: 42 Train Loss: 0.20161981880664825
Train Accuracy: 0.7792237031700289 Train Sensitivity: 0.7710079060739479 Train Specitivity: 0.7866741081011462 Train FP Count: 4969.0 Train AUROC: 0.7786886311686583
Test Accuracy: 0.7903458213256485 Test Sensitivity: 0.7312111801242236 Test Specitivity: 0.8719982847341338 Test FP Count: 597.0 Test AUROC: 0.7944673202491156


Epoch: 43 Train Loss: 0.6594545245170593
Train Accuracy: 0.8002746757925072 Train Sensitivity: 0.7944645234924862 Train Specitivity: 0.8054985462630408 Train FP Count: 4549.0 Train AUROC: 0.7996864867795479
Test Accuracy: 0.7762968299711815 Test Sensitivity: 0.7475438596491228 Test Specitivity: 0.8066247224278312 Test FP Count: 1045.0 Test AUROC: 0.7774320583400414


Epoch: 44 Train Loss: 0.3468329906463623
